2024-03-27T04:50:50+00:00 DEBUG Automattic\WooCommerce\GoogleListingsAndAds\Product\WCProductAdapter::map_product_categories Product category (ID: 120): ["Ch\u01a1i v\u00e0 h\u1ecdc > B\u00e9 \u0111\u1ecdc s\u00e1ch","Ch\u01a1i v\u00e0 h\u1ecdc > B\u00e9 h\u1ecdc ch\u1eef v\u00e0 s\u1ed1"].
2024-03-27T04:50:50+00:00 DEBUG Automattic\WooCommerce\GoogleListingsAndAds\Product\WCProductAdapter::map_product_categories Product category (ID: 148): ["Ch\u01a1i v\u00e0 h\u1ecdc > B\u00e9 \u0111\u1ecdc s\u00e1ch","Ch\u01a1i v\u00e0 h\u1ecdc > B\u00e9 h\u1ecdc ch\u1eef v\u00e0 s\u1ed1"].
2024-03-27T04:50:50+00:00 DEBUG Automattic\WooCommerce\GoogleListingsAndAds\Product\WCProductAdapter::map_product_categories Product category (ID: 150): ["Ch\u01a1i v\u00e0 h\u1ecdc > B\u00e9 \u0111\u1ecdc s\u00e1ch","Ch\u01a1i v\u00e0 h\u1ecdc > B\u00e9 h\u1ecdc ch\u1eef v\u00e0 s\u1ed1"].
2024-03-27T04:50:50+00:00 DEBUG Automattic\WooCommerce\GoogleListingsAndAds\Product\WCProductAdapter::map_product_categories Product category (ID: 152): ["Ch\u01a1i v\u00e0 h\u1ecdc > B\u00e9 \u0111\u1ecdc s\u00e1ch","Ch\u01a1i v\u00e0 h\u1ecdc > B\u00e9 h\u1ecdc ch\u1eef v\u00e0 s\u1ed1"].
2024-03-27T04:50:50+00:00 DEBUG Automattic\WooCommerce\GoogleListingsAndAds\Product\WCProductAdapter::map_product_categories Product category (ID: 154): ["Th\u00f4ng minh > B\u00e9 x\u1ebfp h\u00ecnh","Ch\u01a1i v\u00e0 h\u1ecdc > B\u00e9 \u0111\u1ecdc s\u00e1ch"].
2024-03-27T04:50:50+00:00 DEBUG Automattic\WooCommerce\GoogleListingsAndAds\Product\WCProductAdapter::map_product_categories Product category (ID: 157): ["Ch\u01a1i v\u00e0 h\u1ecdc > B\u00e9 \u0111\u1ecdc s\u00e1ch","Th\u00f4ng minh > B\u00e9 x\u1ebfp h\u00ecnh"].
2024-03-27T04:50:50+00:00 DEBUG Automattic\WooCommerce\GoogleListingsAndAds\Product\WCProductAdapter::map_product_categories Product category (ID: 159): ["Ch\u01a1i v\u00e0 h\u1ecdc > B\u00e9 \u0111\u1ecdc s\u00e1ch","Ch\u01a1i v\u00e0 h\u1ecdc > B\u00e9 h\u1ecdc ch\u1eef v\u00e0 s\u1ed1"].
2024-03-27T04:50:50+00:00 DEBUG Automattic\WooCommerce\GoogleListingsAndAds\Product\WCProductAdapter::map_product_categories Product category (ID: 161): ["Ch\u01a1i v\u00e0 h\u1ecdc > B\u00e9 \u0111\u1ecdc s\u00e1ch"].
2024-03-27T04:50:50+00:00 DEBUG Automattic\WooCommerce\GoogleListingsAndAds\Product\WCProductAdapter::map_product_categories Product category (ID: 711): ["Ch\u01a1i v\u00e0 h\u1ecdc > B\u00e9 h\u1ecdc ch\u1eef v\u00e0 s\u1ed1"].
2024-03-27T04:50:50+00:00 DEBUG Automattic\WooCommerce\GoogleListingsAndAds\Product\WCProductAdapter::map_product_categories Product category (ID: 715): ["Ch\u01a1i v\u00e0 h\u1ecdc > B\u00e9 h\u1ecdc ch\u1eef v\u00e0 s\u1ed1"].
2024-03-27T04:50:50+00:00 DEBUG Automattic\WooCommerce\GoogleListingsAndAds\Product\WCProductAdapter::map_product_categories Product category (ID: 720): ["Ch\u01a1i v\u00e0 h\u1ecdc > B\u00e9 h\u1ecdc ch\u1eef v\u00e0 s\u1ed1"].
2024-03-27T04:50:50+00:00 DEBUG Automattic\WooCommerce\GoogleListingsAndAds\Product\WCProductAdapter::map_product_categories Product category (ID: 724): ["Ch\u01a1i v\u00e0 h\u1ecdc > B\u00e9 h\u1ecdc ch\u1eef v\u00e0 s\u1ed1"].
2024-03-27T04:50:50+00:00 DEBUG Automattic\WooCommerce\GoogleListingsAndAds\Product\WCProductAdapter::map_product_categories Product category (ID: 729): ["Ch\u01a1i v\u00e0 h\u1ecdc > B\u00e9 h\u1ecdc ch\u1eef v\u00e0 s\u1ed1"].
2024-03-27T04:50:50+00:00 DEBUG Automattic\WooCommerce\GoogleListingsAndAds\Product\WCProductAdapter::map_product_categories Product category (ID: 739): ["Ch\u01a1i v\u00e0 h\u1ecdc > B\u00e9 t\u1eadp t\u00f4"].
2024-03-27T04:50:50+00:00 DEBUG Automattic\WooCommerce\GoogleListingsAndAds\Product\WCProductAdapter::map_product_categories Product category (ID: 748): ["Ch\u01a1i v\u00e0 h\u1ecdc > B\u00e9 t\u1eadp t\u00f4"].
2024-03-27T04:50:50+00:00 DEBUG Automattic\WooCommerce\GoogleListingsAndAds\Product\WCProductAdapter::map_product_categories Product category (ID: 751): ["Ch\u01a1i v\u00e0 h\u1ecdc > B\u00e9 t\u1eadp t\u00f4"].
2024-03-27T04:50:50+00:00 DEBUG Automattic\WooCommerce\GoogleListingsAndAds\Product\WCProductAdapter::map_product_categories Product category (ID: 754): ["Ch\u01a1i v\u00e0 h\u1ecdc > B\u00e9 t\u1eadp t\u00f4"].
2024-03-27T04:50:50+00:00 DEBUG Automattic\WooCommerce\GoogleListingsAndAds\Product\WCProductAdapter::map_product_categories Product category (ID: 756): ["Ch\u01a1i v\u00e0 h\u1ecdc > B\u00e9 t\u1eadp t\u00f4"].
2024-03-27T04:51:01+00:00 DEBUG Automattic\WooCommerce\GoogleListingsAndAds\Product\ProductSyncer::update_by_batch_requests Submitted 18 products:
[{"woocommerce_id":120,"google_id":"online:vi:VN:gla_120"},{"woocommerce_id":148,"google_id":"online:vi:VN:gla_148"},{"woocommerce_id":150,"google_id":"online:vi:VN:gla_150"},{"woocommerce_id":152,"google_id":"online:vi:VN:gla_152"},{"woocommerce_id":154,"google_id":"online:vi:VN:gla_154"},{"woocommerce_id":157,"google_id":"online:vi:VN:gla_157"},{"woocommerce_id":159,"google_id":"online:vi:VN:gla_159"},{"woocommerce_id":161,"google_id":"online:vi:VN:gla_161"},{"woocommerce_id":711,"google_id":"online:vi:VN:gla_711"},{"woocommerce_id":715,"google_id":"online:vi:VN:gla_715"},{"woocommerce_id":720,"google_id":"online:vi:VN:gla_720"},{"woocommerce_id":724,"google_id":"online:vi:VN:gla_724"},{"woocommerce_id":729,"google_id":"online:vi:VN:gla_729"},{"woocommerce_id":739,"google_id":"online:vi:VN:gla_739"},{"woocommerce_id":748,"google_id":"online:vi:VN:gla_748"},{"woocommerce_id":751,"google_id":"online:vi:VN:gla_751"},{"woocommerce_id":754,"google_id":"online:vi:VN:gla_754"},{"woocommerce_id":756,"google_id":"online:vi:VN:gla_756"}]
