
[2024-04-09 04:40:53 UTC] Cannot add signal handlers, pcntl_async_signals function does not exist.
[2024-04-09 04:40:53 UTC] Backup process initialized.
[2024-04-09 04:40:53 UTC] Cannot add signal handlers, pcntl_async_signals function does not exist.
[2024-04-09 04:40:53 UTC] Backup process initialized.
[2024-04-09 04:40:53 UTC] Process id: 152037
[2024-04-09 04:40:53 UTC] --------------------------------------------------------------------------------
[2024-04-09 04:40:53 UTC] Starting dump of database...
[2024-04-09 04:40:53 UTC] Memory usage - limit / current / peak memory usage: 1073741824 / 34381016 (32,79 MB) / 35196696 (34 MB)
[2024-04-09 04:40:54 UTC] Database info: Array
(
    [wp_actionscheduler_actions] => 223
    [wp_actionscheduler_claims] => 4
    [wp_actionscheduler_groups] => 10
    [wp_actionscheduler_logs] => 580
    [wp_commentmeta] => 0
    [wp_comments] => 13
    [wp_e_events] => 0
    [wp_e_submissions] => 635
    [wp_e_submissions_actions_log] => 635
    [wp_e_submissions_values] => 2540
    [wp_expm_hiiden_content] => 0
    [wp_expm_maker] => 1
    [wp_expm_maker_pages] => 0
    [wp_find_and_replace] => 0
    [wp_gla_attribute_mapping_rules] => 0
    [wp_gla_budget_recommendations] => 4230
    [wp_gla_merchant_issues] => 0
    [wp_gla_shipping_rates] => 0
    [wp_gla_shipping_times] => 1
    [wp_imagify_files] => 959
    [wp_imagify_folders] => 1
    [wp_itsec_bans] => 0
    [wp_itsec_dashboard_events] => 79
    [wp_itsec_dashboard_lockouts] => 12
    [wp_itsec_distributed_storage] => 0
    [wp_itsec_fingerprints] => 0
    [wp_itsec_firewall_rules] => 0
    [wp_itsec_geolocation_cache] => 0
    [wp_itsec_lockouts] => 11
    [wp_itsec_logs] => 3784
    [wp_itsec_mutexes] => 0
    [wp_itsec_opaque_tokens] => 0
    [wp_itsec_temp] => 134
    [wp_itsec_user_groups] => 0
    [wp_itsec_vulnerabilities] => 1
    [wp_links] => 0
    [wp_options] => 813
    [wp_postmeta] => 4595
    [wp_posts] => 630
    [wp_rank_math_404_logs] => 45
    [wp_rank_math_internal_links] => 1176
    [wp_rank_math_internal_meta] => 160
    [wp_rank_math_redirections] => 0
    [wp_rank_math_redirections_cache] => 0
    [wp_social_users] => 0
    [wp_term_relationships] => 126
    [wp_term_taxonomy] => 56
    [wp_termmeta] => 8
    [wp_terms] => 56
    [wp_usermeta] => 159
    [wp_users] => 3
    [wp_wc_admin_note_actions] => 123
    [wp_wc_admin_notes] => 89
    [wp_wc_category_lookup] => 16
    [wp_wc_customer_lookup] => 1
    [wp_wc_download_log] => 0
    [wp_wc_order_addresses] => 0
    [wp_wc_order_coupon_lookup] => 0
    [wp_wc_order_operational_data] => 0
    [wp_wc_order_product_lookup] => 6
    [wp_wc_order_stats] => 5
    [wp_wc_order_tax_lookup] => 0
    [wp_wc_orders] => 0
    [wp_wc_orders_meta] => 0
    [wp_wc_product_attributes_lookup] => 0
    [wp_wc_product_download_directories] => 2
    [wp_wc_product_meta_lookup] => 0
    [wp_wc_rate_limits] => 0
    [wp_wc_reserved_stock] => 0
    [wp_wc_tax_rate_classes] => 2
    [wp_wc_webhooks] => 0
    [wp_woocommerce_api_keys] => 0
    [wp_woocommerce_attribute_taxonomies] => 0
    [wp_woocommerce_downloadable_product_permissions] => 0
    [wp_woocommerce_log] => 0
    [wp_woocommerce_order_itemmeta] => 54
    [wp_woocommerce_order_items] => 6
    [wp_woocommerce_payment_tokenmeta] => 0
    [wp_woocommerce_payment_tokens] => 0
    [wp_woocommerce_sessions] => 1
    [wp_woocommerce_shipping_zone_locations] => 0
    [wp_woocommerce_shipping_zone_methods] => 0
    [wp_woocommerce_shipping_zones] => 0
    [wp_woocommerce_tax_rate_locations] => 0
    [wp_woocommerce_tax_rates] => 0
    [wp_wpfm_backup] => 0
    [wp_wpr_rocket_cache] => 71
    [wp_wpr_rucss_used_css] => 148
    [wp_yith_wcwl] => 18
    [wp_yith_wcwl_lists] => 6
)

[2024-04-09 04:40:55 UTC] Dump of database complete! $status = 1
[2024-04-09 04:40:55 UTC] Memory usage - limit / current / peak memory usage: 1073741824 / 34377248 (32,78 MB) / 37877808 (36 MB)
[2024-04-09 04:40:55 UTC] --------------------------------------------------------------------------------
[2024-04-09 04:40:55 UTC] Retrieving file list.
[2024-04-09 04:41:02 UTC] Retrieving backup directory.
[2024-04-09 04:41:02 UTC] Adding Database to file list.
[2024-04-09 04:41:02 UTC] Database dump file added to file list: /var/www/html/wowtop/vetinh1/wp-content/boldgrid_backup_EtlXxB7JnW7k/wordpress.20240409-044054.sql / 13141143 (12,53 MB)
[2024-04-09 04:41:02 UTC] Starting archiving of files. Chosen compressor: php_zip
[2024-04-09 04:41:02 UTC] Memory usage - limit / current / peak memory usage: 1073741824 / 54814072 (52,27 MB) / 58309184 (56 MB)
[2024-04-09 04:41:15 UTC] Total files / size archived: 31264 / 801527156 (764,40 MB)
[2024-04-09 04:41:15 UTC] Starting to close the zip file.
[2024-04-09 04:41:15 UTC] Memory usage - limit / current / peak memory usage: 1073741824 / 55534552 (52,96 MB) / 58309184 (56 MB)
[2024-04-09 04:43:39 UTC] Finished closing the zip file.
[2024-04-09 04:43:39 UTC] Memory usage - limit / current / peak memory usage: 1073741824 / 55534392 (52,96 MB) / 58309184 (56 MB)
[2024-04-09 04:43:40 UTC] Archiving of files complete!
[2024-04-09 04:43:40 UTC] Archive filepath / size: /var/www/html/wowtop/vetinh1/wp-content/boldgrid_backup_EtlXxB7JnW7k/boldgrid-backup-wowpow.com_.vn-a8287370-20240409-044102.zip / 550616925 (525,11 MB)
[2024-04-09 04:43:40 UTC] Memory usage - limit / current / peak memory usage: 1073741824 / 55533880 (52,96 MB) / 58309184 (56 MB)
[2024-04-09 04:43:40 UTC] Starting sending of email...
[2024-04-09 04:43:40 UTC] wp_mail_failed: Array
(
    [wp_error] => WP_Error Object
        (
            [errors] => Array
                (
                    [wp_mail_failed] => Array
                        (
                            [0] => Could not instantiate mail function.
                        )

                )

            [error_data] => Array
                (
                    [wp_mail_failed] => Array
                        (
                            [to] => Array
                                (
                                    [0] => admin@wowpow.com.vn
                                )

                            [subject] => Backup completed for wowpow.com.vn
                            [message] => Hello,

A backup archive has been created for wowpow.com.vn.

Backup details:
Estimated Pause: 2.75 seconds
Duration: 167.15 seconds
Total size: 764.40 MB
Archive file path: /var/www/html/wowtop/vetinh1/wp-content/boldgrid_backup_EtlXxB7JnW7k/boldgrid-backup-wowpow.com_.vn-a8287370-20240409-044102.zip
Archive file size: 525.11 MB
Compressor used: php_zip
Backup triggered by: Auto update

FILE AND FOLDER SETTINGS
Included: WPCORE,/wp-content
Excluded: .git,node_modules

DATABASE SETTINGS
Tables Excluded: None

You can manage notifications in your WordPress admin panel, under Total Upkeep settings.

For help with restoring a Total Upkeep archive file, please visit: https://www.boldgrid.com/support/advanced-tutorials/restoring-boldgrid-backup/

Want to store your backups on Google Drive and Amazon S3, restore individual files with just a click, and have access to more tools? Get Total Upkeep Premium! - https://www.boldgrid.com/update-backup?source=bgbkup-email

Best regards,

The Total Upkeep plugin


                            [headers] => Array
                                (
                                    [X-Mailer] => PHP/7.4.33
                                )

                            [attachments] => Array
                                (
                                )

                            [phpmailer_exception_code] => 2
                        )

                )

            [additional_data:protected] => Array
                (
                )

        )

    [last_error] => Array
        (
            [type] => 2
            [message] => file_get_contents(/var/www/html/wowtop/vetinh1/wp-content/boldgrid_backup_EtlXxB7JnW7k/logs-a8287370-30185d6293536778/archive-1712637653.log): failed to open stream: No such file or directory
            [file] => /var/www/html/wowtop/vetinh1/wp-admin/includes/class-wp-filesystem-direct.php
            [line] => 39
        )

)

[2024-04-09 04:43:40 UTC] Sending of email complete! Status: 
[2024-04-09 04:43:48 UTC] Backup complete!
[2024-04-09 04:43:48 UTC] Memory usage - limit / current / peak memory usage: 1073741824 / 56381360 (53,77 MB) / 92509384 (88 MB)
[2024-04-09 04:43:49 UTC] Backup complete!
[2024-04-09 04:43:49 UTC] Memory usage - limit / current / peak memory usage: 1073741824 / 34852456 (33,24 MB) / 92509384 (88 MB)
[2024-04-09 04:45:37 UTC] Cannot add signal handlers, pcntl_async_signals function does not exist.
[2024-04-09 04:45:37 UTC] Backup process running: No