
[2024-04-05 19:46:29 UTC] Cannot add signal handlers, pcntl_async_signals function does not exist.
[2024-04-05 19:46:29 UTC] Backup process initialized.
[2024-04-05 19:46:29 UTC] Cannot add signal handlers, pcntl_async_signals function does not exist.
[2024-04-05 19:46:29 UTC] Backup process initialized.
[2024-04-05 19:46:29 UTC] Process id: 59152
[2024-04-05 19:46:29 UTC] --------------------------------------------------------------------------------
[2024-04-05 19:46:29 UTC] Starting dump of database...
[2024-04-05 19:46:29 UTC] Memory usage - limit / current / peak memory usage: 1073741824 / 33849064 (32,28 MB) / 34664744 (33 MB)
[2024-04-05 19:46:30 UTC] Database info: Array
(
    [wp_actionscheduler_actions] => 364
    [wp_actionscheduler_claims] => 3
    [wp_actionscheduler_groups] => 9
    [wp_actionscheduler_logs] => 1084
    [wp_commentmeta] => 26
    [wp_comments] => 26
    [wp_e_events] => 0
    [wp_e_submissions] => 635
    [wp_e_submissions_actions_log] => 635
    [wp_e_submissions_values] => 2540
    [wp_expm_hiiden_content] => 0
    [wp_expm_maker] => 1
    [wp_expm_maker_pages] => 0
    [wp_find_and_replace] => 0
    [wp_gla_attribute_mapping_rules] => 0
    [wp_gla_budget_recommendations] => 4230
    [wp_gla_merchant_issues] => 0
    [wp_gla_shipping_rates] => 0
    [wp_gla_shipping_times] => 1
    [wp_imagify_files] => 958
    [wp_imagify_folders] => 1
    [wp_itsec_bans] => 0
    [wp_itsec_dashboard_events] => 79
    [wp_itsec_dashboard_lockouts] => 12
    [wp_itsec_distributed_storage] => 0
    [wp_itsec_fingerprints] => 0
    [wp_itsec_firewall_rules] => 0
    [wp_itsec_geolocation_cache] => 0
    [wp_itsec_lockouts] => 11
    [wp_itsec_logs] => 3784
    [wp_itsec_mutexes] => 0
    [wp_itsec_opaque_tokens] => 0
    [wp_itsec_temp] => 134
    [wp_itsec_user_groups] => 0
    [wp_itsec_vulnerabilities] => 1
    [wp_links] => 0
    [wp_options] => 876
    [wp_postmeta] => 5213
    [wp_posts] => 625
    [wp_rank_math_404_logs] => 14
    [wp_rank_math_internal_links] => 1176
    [wp_rank_math_internal_meta] => 160
    [wp_rank_math_redirections] => 0
    [wp_rank_math_redirections_cache] => 0
    [wp_social_users] => 0
    [wp_term_relationships] => 196
    [wp_term_taxonomy] => 66
    [wp_termmeta] => 82
    [wp_terms] => 66
    [wp_usermeta] => 157
    [wp_users] => 3
    [wp_wc_admin_note_actions] => 123
    [wp_wc_admin_notes] => 89
    [wp_wc_category_lookup] => 16
    [wp_wc_customer_lookup] => 1
    [wp_wc_download_log] => 0
    [wp_wc_order_addresses] => 0
    [wp_wc_order_coupon_lookup] => 0
    [wp_wc_order_operational_data] => 0
    [wp_wc_order_product_lookup] => 6
    [wp_wc_order_stats] => 5
    [wp_wc_order_tax_lookup] => 0
    [wp_wc_orders] => 0
    [wp_wc_orders_meta] => 0
    [wp_wc_product_attributes_lookup] => 0
    [wp_wc_product_download_directories] => 2
    [wp_wc_product_meta_lookup] => 31
    [wp_wc_rate_limits] => 0
    [wp_wc_reserved_stock] => 0
    [wp_wc_tax_rate_classes] => 2
    [wp_wc_webhooks] => 0
    [wp_woocommerce_api_keys] => 0
    [wp_woocommerce_attribute_taxonomies] => 0
    [wp_woocommerce_downloadable_product_permissions] => 0
    [wp_woocommerce_log] => 0
    [wp_woocommerce_order_itemmeta] => 54
    [wp_woocommerce_order_items] => 6
    [wp_woocommerce_payment_tokenmeta] => 0
    [wp_woocommerce_payment_tokens] => 0
    [wp_woocommerce_sessions] => 14
    [wp_woocommerce_shipping_zone_locations] => 0
    [wp_woocommerce_shipping_zone_methods] => 0
    [wp_woocommerce_shipping_zones] => 0
    [wp_woocommerce_tax_rate_locations] => 0
    [wp_woocommerce_tax_rates] => 0
    [wp_wpfm_backup] => 0
    [wp_wpr_rocket_cache] => 102
    [wp_wpr_rucss_used_css] => 226
    [wp_yith_wcwl] => 18
    [wp_yith_wcwl_lists] => 6
)

[2024-04-05 19:46:31 UTC] Dump of database complete! $status = 1
[2024-04-05 19:46:31 UTC] Memory usage - limit / current / peak memory usage: 1073741824 / 33845296 (32,28 MB) / 37345856 (36 MB)
[2024-04-05 19:46:31 UTC] --------------------------------------------------------------------------------
[2024-04-05 19:46:31 UTC] Retrieving file list.
[2024-04-05 19:46:33 UTC] Retrieving backup directory.
[2024-04-05 19:46:33 UTC] Adding Database to file list.
[2024-04-05 19:46:33 UTC] Database dump file added to file list: /var/www/html/wowtop/vetinh1/wp-content/boldgrid_backup_EtlXxB7JnW7k/wordpress.20240405-194630.sql / 11407946 (10,88 MB)
[2024-04-05 19:46:33 UTC] Starting archiving of files. Chosen compressor: php_zip
[2024-04-05 19:46:33 UTC] Memory usage - limit / current / peak memory usage: 1073741824 / 54378504 (51,86 MB) / 57868984 (55 MB)
[2024-04-05 19:46:40 UTC] Total files / size archived: 31237 / 797555822 (760,61 MB)
[2024-04-05 19:46:40 UTC] Starting to close the zip file.
[2024-04-05 19:46:40 UTC] Memory usage - limit / current / peak memory usage: 1073741824 / 55098328 (52,55 MB) / 57868984 (55 MB)
[2024-04-05 19:47:20 UTC] Finished closing the zip file.
[2024-04-05 19:47:20 UTC] Memory usage - limit / current / peak memory usage: 1073741824 / 55098168 (52,55 MB) / 57868984 (55 MB)
[2024-04-05 19:47:20 UTC] Archiving of files complete!
[2024-04-05 19:47:20 UTC] Archive filepath / size: /var/www/html/wowtop/vetinh1/wp-content/boldgrid_backup_EtlXxB7JnW7k/boldgrid-backup-wowpow.com_.vn-a8287370-20240405-194633.zip / 549711098 (524,25 MB)
[2024-04-05 19:47:20 UTC] Memory usage - limit / current / peak memory usage: 1073741824 / 55097656 (52,55 MB) / 57868984 (55 MB)
[2024-04-05 19:47:20 UTC] Starting sending of email...
[2024-04-05 19:47:20 UTC] wp_mail_failed: Array
(
    [wp_error] => WP_Error Object
        (
            [errors] => Array
                (
                    [wp_mail_failed] => Array
                        (
                            [0] => Could not instantiate mail function.
                        )

                )

            [error_data] => Array
                (
                    [wp_mail_failed] => Array
                        (
                            [to] => Array
                                (
                                    [0] => admin@wowpow.com.vn
                                )

                            [subject] => Backup completed for wowpow.com.vn
                            [message] => Hello,

A backup archive has been created for wowpow.com.vn.

Backup details:
Estimated Pause: 1.92 seconds
Duration: 51.40 seconds
Total size: 760.61 MB
Archive file path: /var/www/html/wowtop/vetinh1/wp-content/boldgrid_backup_EtlXxB7JnW7k/boldgrid-backup-wowpow.com_.vn-a8287370-20240405-194633.zip
Archive file size: 524.25 MB
Compressor used: php_zip
Backup triggered by: Auto update

FILE AND FOLDER SETTINGS
Included: WPCORE,/wp-content
Excluded: .git,node_modules

DATABASE SETTINGS
Tables Excluded: None

You can manage notifications in your WordPress admin panel, under Total Upkeep settings.

For help with restoring a Total Upkeep archive file, please visit: https://www.boldgrid.com/support/advanced-tutorials/restoring-boldgrid-backup/

Want to store your backups on Google Drive and Amazon S3, restore individual files with just a click, and have access to more tools? Get Total Upkeep Premium! - https://www.boldgrid.com/update-backup?source=bgbkup-email

Best regards,

The Total Upkeep plugin


                            [headers] => Array
                                (
                                    [X-Mailer] => PHP/7.4.33
                                )

                            [attachments] => Array
                                (
                                )

                            [phpmailer_exception_code] => 2
                        )

                )

            [additional_data:protected] => Array
                (
                )

        )

    [last_error] => Array
        (
            [type] => 2
            [message] => file_get_contents(/var/www/html/wowtop/vetinh1/wp-content/boldgrid_backup_EtlXxB7JnW7k/logs-a8287370-30185d6293536778/archive-1712346389.log): failed to open stream: No such file or directory
            [file] => /var/www/html/wowtop/vetinh1/wp-admin/includes/class-wp-filesystem-direct.php
            [line] => 39
        )

)

[2024-04-05 19:47:20 UTC] Sending of email complete! Status: 
[2024-04-05 19:47:22 UTC] Backup complete!
[2024-04-05 19:47:22 UTC] Memory usage - limit / current / peak memory usage: 1073741824 / 55943800 (53,35 MB) / 92042208 (88 MB)
[2024-04-05 19:47:22 UTC] Backup complete!
[2024-04-05 19:47:22 UTC] Memory usage - limit / current / peak memory usage: 1073741824 / 34433360 (32,84 MB) / 92042208 (88 MB)