
[2024-04-13 00:29:05 UTC] Cannot add signal handlers, pcntl_async_signals function does not exist.
[2024-04-13 00:29:05 UTC] Backup process initialized.
[2024-04-13 00:29:05 UTC] Cannot add signal handlers, pcntl_async_signals function does not exist.
[2024-04-13 00:29:05 UTC] Backup process initialized.
[2024-04-13 00:29:05 UTC] Process id: 296043
[2024-04-13 00:29:05 UTC] --------------------------------------------------------------------------------
[2024-04-13 00:29:05 UTC] Starting dump of database...
[2024-04-13 00:29:05 UTC] Memory usage - limit / current / peak memory usage: 1073741824 / 32188840 (30,70 MB) / 57186976 (55 MB)
[2024-04-13 00:29:06 UTC] Database info: Array
(
    [wp_actionscheduler_actions] => 201
    [wp_actionscheduler_claims] => 3
    [wp_actionscheduler_groups] => 10
    [wp_actionscheduler_logs] => 535
    [wp_commentmeta] => 0
    [wp_comments] => 6
    [wp_e_events] => 0
    [wp_e_submissions] => 635
    [wp_e_submissions_actions_log] => 635
    [wp_e_submissions_values] => 2540
    [wp_expm_hiiden_content] => 0
    [wp_expm_maker] => 1
    [wp_expm_maker_pages] => 0
    [wp_find_and_replace] => 0
    [wp_gla_attribute_mapping_rules] => 0
    [wp_gla_budget_recommendations] => 4230
    [wp_gla_merchant_issues] => 0
    [wp_gla_shipping_rates] => 0
    [wp_gla_shipping_times] => 1
    [wp_imagify_files] => 976
    [wp_imagify_folders] => 1
    [wp_itsec_bans] => 0
    [wp_itsec_dashboard_events] => 79
    [wp_itsec_dashboard_lockouts] => 12
    [wp_itsec_distributed_storage] => 0
    [wp_itsec_fingerprints] => 0
    [wp_itsec_firewall_rules] => 0
    [wp_itsec_geolocation_cache] => 0
    [wp_itsec_lockouts] => 11
    [wp_itsec_logs] => 3784
    [wp_itsec_mutexes] => 0
    [wp_itsec_opaque_tokens] => 0
    [wp_itsec_temp] => 134
    [wp_itsec_user_groups] => 0
    [wp_itsec_vulnerabilities] => 1
    [wp_links] => 0
    [wp_options] => 795
    [wp_postmeta] => 3463
    [wp_posts] => 535
    [wp_rank_math_404_logs] => 79
    [wp_rank_math_internal_links] => 1176
    [wp_rank_math_internal_meta] => 160
    [wp_rank_math_redirections] => 0
    [wp_rank_math_redirections_cache] => 0
    [wp_social_users] => 0
    [wp_term_relationships] => 78
    [wp_term_taxonomy] => 56
    [wp_termmeta] => 8
    [wp_terms] => 56
    [wp_usermeta] => 159
    [wp_users] => 3
    [wp_wc_admin_note_actions] => 123
    [wp_wc_admin_notes] => 89
    [wp_wc_category_lookup] => 16
    [wp_wc_customer_lookup] => 1
    [wp_wc_download_log] => 0
    [wp_wc_order_addresses] => 0
    [wp_wc_order_coupon_lookup] => 0
    [wp_wc_order_operational_data] => 0
    [wp_wc_order_product_lookup] => 6
    [wp_wc_order_stats] => 5
    [wp_wc_order_tax_lookup] => 0
    [wp_wc_orders] => 0
    [wp_wc_orders_meta] => 0
    [wp_wc_product_attributes_lookup] => 0
    [wp_wc_product_download_directories] => 2
    [wp_wc_product_meta_lookup] => 0
    [wp_wc_rate_limits] => 0
    [wp_wc_reserved_stock] => 0
    [wp_wc_tax_rate_classes] => 2
    [wp_wc_webhooks] => 0
    [wp_woocommerce_api_keys] => 0
    [wp_woocommerce_attribute_taxonomies] => 0
    [wp_woocommerce_downloadable_product_permissions] => 0
    [wp_woocommerce_log] => 0
    [wp_woocommerce_order_itemmeta] => 54
    [wp_woocommerce_order_items] => 6
    [wp_woocommerce_payment_tokenmeta] => 0
    [wp_woocommerce_payment_tokens] => 0
    [wp_woocommerce_sessions] => 0
    [wp_woocommerce_shipping_zone_locations] => 0
    [wp_woocommerce_shipping_zone_methods] => 0
    [wp_woocommerce_shipping_zones] => 0
    [wp_woocommerce_tax_rate_locations] => 0
    [wp_woocommerce_tax_rates] => 0
    [wp_wpfm_backup] => 0
    [wp_wpr_rocket_cache] => 41
    [wp_wpr_rucss_used_css] => 80
    [wp_yith_wcwl] => 18
    [wp_yith_wcwl_lists] => 6
)

[2024-04-13 00:29:06 UTC] Dump of database complete! $status = 1
[2024-04-13 00:29:06 UTC] Memory usage - limit / current / peak memory usage: 1073741824 / 32199976 (30,71 MB) / 57186976 (55 MB)
[2024-04-13 00:29:06 UTC] --------------------------------------------------------------------------------
[2024-04-13 00:29:06 UTC] Retrieving file list.
[2024-04-13 00:29:09 UTC] Retrieving backup directory.
[2024-04-13 00:29:09 UTC] Adding Database to file list.
[2024-04-13 00:29:09 UTC] Database dump file added to file list: /var/www/html/wowtop/vetinh1/wp-content/boldgrid_backup_EtlXxB7JnW7k/wordpress.20240413-002906.sql / 9470624 (9,03 MB)
[2024-04-13 00:29:09 UTC] Starting archiving of files. Chosen compressor: php_zip
[2024-04-13 00:29:09 UTC] Memory usage - limit / current / peak memory usage: 1073741824 / 53922736 (51,42 MB) / 57495816 (55 MB)
[2024-04-13 00:29:15 UTC] Total files / size archived: 32618 / 4492362715 (4,18 GB)
[2024-04-13 00:29:15 UTC] Starting to close the zip file.
[2024-04-13 00:29:15 UTC] Memory usage - limit / current / peak memory usage: 1073741824 / 54677856 (52,14 MB) / 57495816 (55 MB)
[2024-04-13 00:31:42 UTC] Finished closing the zip file.
[2024-04-13 00:31:42 UTC] Memory usage - limit / current / peak memory usage: 1073741824 / 54677696 (52,14 MB) / 57495816 (55 MB)
[2024-04-13 00:31:42 UTC] Archiving of files complete!
[2024-04-13 00:31:42 UTC] Archiving of files did not complete successfully: Array
(
    [error] => Cannot close ZIP archive file "/var/www/html/wowtop/vetinh1/wp-content/boldgrid_backup_EtlXxB7JnW7k/boldgrid-backup-wowpow.com_.vn-a8287370-20240413-002909.zip".
)

[2024-04-13 00:31:42 UTC] Archive filepath / size: /var/www/html/wowtop/vetinh1/wp-content/boldgrid_backup_EtlXxB7JnW7k/boldgrid-backup-wowpow.com_.vn-a8287370-20240413-002909.zip / 0 (0,00 B)
[2024-04-13 00:31:42 UTC] Memory usage - limit / current / peak memory usage: 1073741824 / 54677752 (52,14 MB) / 57495816 (55 MB)
[2024-04-13 00:31:42 UTC] Cannot close ZIP archive file "/var/www/html/wowtop/vetinh1/wp-content/boldgrid_backup_EtlXxB7JnW7k/boldgrid-backup-wowpow.com_.vn-a8287370-20240413-002909.zip".
[2024-04-13 00:31:42 UTC] Backup complete!
[2024-04-13 00:31:42 UTC] Memory usage - limit / current / peak memory usage: 1073741824 / 32202712 (30,71 MB) / 57495816 (55 MB)